\BOOKMARK [0][-]{chapter.1}{Introduction}{}
\BOOKMARK [0][-]{chapter.2}{Getting started}{}
\BOOKMARK [1][-]{section.2.1}{Cluster computing}{chapter.2}
\BOOKMARK [1][-]{section.2.2}{The LISA cluster: hardware}{chapter.2}
\BOOKMARK [1][-]{section.2.3}{Transferring files to and from the LISA cluster}{chapter.2}
\BOOKMARK [1][-]{section.2.4}{Issuing commands on the LISA cluster}{chapter.2}
\BOOKMARK [1][-]{section.2.5}{Jobscripts and the scheduler}{chapter.2}
\BOOKMARK [0][-]{chapter.3}{Parallel optimization}{}
\BOOKMARK [1][-]{section.3.1}{The Master-Worker paradigm}{chapter.3}
\BOOKMARK [2][-]{subsection.3.1.1}{Master side}{section.3.1}
\BOOKMARK [2][-]{subsection.3.1.2}{Worker side}{section.3.1}
\BOOKMARK [0][-]{chapter.4}{The MMSODA Toolbox for MATLAB}{}
\BOOKMARK [1][-]{section.4.1}{MMSODA in `bypass' mode; offline}{chapter.4}
\BOOKMARK [2][-]{subsection.4.1.1}{Creating the `constants.mat' and `conf.mat' files}{section.4.1}
\BOOKMARK [2][-]{subsection.4.1.2}{Creating the objective function m-file}{section.4.1}
\BOOKMARK [2][-]{subsection.4.1.3}{Running the optimization locally}{section.4.1}
\BOOKMARK [1][-]{section.4.2}{MMSODA in `bypass' mode; online}{chapter.4}
\BOOKMARK [1][-]{section.4.3}{Compiling MMSODA and your model code into a binary}{chapter.4}
\BOOKMARK [1][-]{section.4.4}{MMSODA in `scemua' mode; offline}{chapter.4}
\BOOKMARK [1][-]{section.4.5}{MMSODA in `scemua' mode; online}{chapter.4}
\BOOKMARK [1][-]{section.4.6}{MMSODA in scemua mode online}{chapter.4}
\BOOKMARK [1][-]{section.4.7}{MMSODA in reset mode offline}{chapter.4}
\BOOKMARK [1][-]{section.4.8}{MMSODA in reset mode online}{chapter.4}
\BOOKMARK [1][-]{section.4.9}{MMSODA in soda mode offline}{chapter.4}
\BOOKMARK [1][-]{section.4.10}{MMSODA in soda mode online}{chapter.4}
\BOOKMARK [0][-]{section*.12}{Appendices}{}
\BOOKMARK [0][-]{Appendix.1.A}{Appendix Remote graphical applications}{}
\BOOKMARK [0][-]{Appendix.1.B}{Appendix Likelihoods in optimization}{}
\BOOKMARK [1][-]{section.1.B.1}{Definition of the system}{Appendix.1.B}
\BOOKMARK [1][-]{section.1.B.2}{Constructing a likelihood for a simple error model}{Appendix.1.B}
\BOOKMARK [1][-]{section.1.B.3}{Bayes' law in parameter optimization}{Appendix.1.B}
\BOOKMARK [1][-]{section.1.B.4}{Definition of terms}{Appendix.1.B}
